<?xml version="1.0" encoding="UTF-8"?>
<!-- Generated by org.testng.reporters.JUnitReportReporter -->
<testsuite hostname="DESKTOP-FVL7V1F" failures="0" tests="1" name="Test.EmpReg" time="37.882" errors="0" timestamp="2023-10-09T22:46:10 IST" skipped="0">
  <testcase classname="Test.EmpReg" name="checkEmployeeReg" time="37.882"/>
</testsuite> <!-- Test.EmpReg -->
